#
# There is insufficient memory for the Java Runtime Environment to continue.
# Native memory allocation (malloc) failed to allocate 1216496 bytes for Chunk::new
# Possible reasons:
#   The system is out of physical RAM or swap space
#   The process is running with CompressedOops enabled, and the Java Heap may be blocking the growth of the native heap
# Possible solutions:
#   Reduce memory load on the system
#   Increase physical memory or swap space
#   Check if swap backing store is full
#   Decrease Java heap size (-Xmx/-Xms)
#   Decrease number of Java threads
#   Decrease Java thread stack sizes (-Xss)
#   Set larger code cache with -XX:ReservedCodeCacheSize=
#   JVM is running with Unscaled Compressed Oops mode in which the Java heap is
#     placed in the first 4GB address space. The Java Heap base address is the
#     maximum limit for the native heap growth. Please use -XX:HeapBaseMinAddress
#     to set the Java Heap base and to place the Java Heap above 4GB virtual address.
# This output file may be truncated or incomplete.
#
#  Out of Memory Error (./src/hotspot/share/memory/arena.cpp:197), pid=13872, tid=9324
#
# JRE version: OpenJDK Runtime Environment AdoptOpenJDK-11.0.11+9 (11.0.11+9) (build 11.0.11+9)
# Java VM: OpenJDK 64-Bit Server VM AdoptOpenJDK-11.0.11+9 (11.0.11+9, mixed mode, tiered, compressed oops, g1 gc, windows-amd64)
# No core dump will be written. Minidumps are not enabled by default on client versions of Windows
#

---------------  S U M M A R Y ------------

Command Line: -javaagent:C:\Program Files\JetBrains\IntelliJ IDEA Community Edition 2021.3.1\lib\idea_rt.jar=58679:C:\Program Files\JetBrains\IntelliJ IDEA Community Edition 2021.3.1\bin -Dfile.encoding=UTF-8 com.binar.grab.GrabApplication

Host: Intel(R) Core(TM) i5-8265U CPU @ 1.60GHz, 8 cores, 3G,  Windows 10 , 64 bit Build 22000 (10.0.22000.434)
Time: Wed Feb 16 19:34:29 2022 SE Asia Standard Time elapsed time: 11.542887 seconds (0d 0h 0m 11s)

---------------  T H R E A D  ---------------

Current thread (0x000001ddce6fc800):  JavaThread "C2 CompilerThread1" daemon [_thread_in_native, id=9324, stack(0x00000009bcb00000,0x00000009bcc00000)]


Current CompileTask:
C2:  11542 3860   !   4       jdk.internal.loader.Resource::getBytes (242 bytes)

Stack: [0x00000009bcb00000,0x00000009bcc00000]
Native frames: (J=compiled Java code, j=interpreted, Vv=VM code, C=native code)
V  [jvm.dll+0x5f7e5a]
V  [jvm.dll+0x77ff2e]
V  [jvm.dll+0x7815ff]
V  [jvm.dll+0x781cc3]
V  [jvm.dll+0x247408]
V  [jvm.dll+0xbe69c]
V  [jvm.dll+0xbed9c]
V  [jvm.dll+0x34cb47]
V  [jvm.dll+0x1990e9]
V  [jvm.dll+0x200e92]
V  [jvm.dll+0x1fff6f]
V  [jvm.dll+0x184f1c]
V  [jvm.dll+0x20f3e7]
V  [jvm.dll+0x20d5cb]
V  [jvm.dll+0x7442f9]
V  [jvm.dll+0x73d364]
V  [jvm.dll+0x5f6cd6]
C  [ucrtbase.dll+0x26c0c]
C  [KERNEL32.DLL+0x154e0]
C  [ntdll.dll+0x485b]


---------------  P R O C E S S  ---------------

Threads class SMR info:
_java_thread_list=0x000001ddcb99b060, length=17, elements={
0x000001ddad914800, 0x000001ddca1e6800, 0x000001ddca207800, 0x000001ddca265800,
0x000001ddca266800, 0x000001ddca26d000, 0x000001ddca273000, 0x000001ddcab8c800,
0x000001ddca27c000, 0x000001ddcace1000, 0x000001ddcb057000, 0x000001ddce9d8800,
0x000001ddd06d0800, 0x000001ddd06ef800, 0x000001ddce758000, 0x000001ddcb9a5800,
0x000001ddce6fc800
}

Java Threads: ( => current thread )
  0x000001ddad914800 JavaThread "main" [_thread_in_vm, id=3224, stack(0x00000009bab00000,0x00000009bac00000)]
  0x000001ddca1e6800 JavaThread "Reference Handler" daemon [_thread_blocked, id=11656, stack(0x00000009bb200000,0x00000009bb300000)]
  0x000001ddca207800 JavaThread "Finalizer" daemon [_thread_blocked, id=16936, stack(0x00000009bb300000,0x00000009bb400000)]
  0x000001ddca265800 JavaThread "Signal Dispatcher" daemon [_thread_blocked, id=17128, stack(0x00000009bb400000,0x00000009bb500000)]
  0x000001ddca266800 JavaThread "Attach Listener" daemon [_thread_blocked, id=7280, stack(0x00000009bb500000,0x00000009bb600000)]
  0x000001ddca26d000 JavaThread "Service Thread" daemon [_thread_blocked, id=15024, stack(0x00000009bb600000,0x00000009bb700000)]
  0x000001ddca273000 JavaThread "C2 CompilerThread0" daemon [_thread_in_native, id=1084, stack(0x00000009bb700000,0x00000009bb800000)]
  0x000001ddcab8c800 JavaThread "C1 CompilerThread0" daemon [_thread_blocked, id=8756, stack(0x00000009bb800000,0x00000009bb900000)]
  0x000001ddca27c000 JavaThread "Sweeper thread" daemon [_thread_blocked, id=9468, stack(0x00000009bb900000,0x00000009bba00000)]
  0x000001ddcace1000 JavaThread "Common-Cleaner" daemon [_thread_blocked, id=10184, stack(0x00000009bba00000,0x00000009bbb00000)]
  0x000001ddcb057000 JavaThread "Monitor Ctrl-Break" daemon [_thread_in_native, id=12788, stack(0x00000009bbb00000,0x00000009bbc00000)]
  0x000001ddce9d8800 JavaThread "Catalina-utility-1" [_thread_blocked, id=17452, stack(0x00000009bc300000,0x00000009bc400000)]
  0x000001ddd06d0800 JavaThread "Catalina-utility-2" [_thread_blocked, id=18116, stack(0x00000009bc400000,0x00000009bc500000)]
  0x000001ddd06ef800 JavaThread "container-0" [_thread_blocked, id=14120, stack(0x00000009bc500000,0x00000009bc600000)]
  0x000001ddce758000 JavaThread "HikariPool-1 housekeeper" daemon [_thread_blocked, id=9636, stack(0x00000009bca00000,0x00000009bcb00000)]
  0x000001ddcb9a5800 JavaThread "HikariPool-1 connection adder" daemon [_thread_blocked, id=11084, stack(0x00000009bc900000,0x00000009bca00000)]
=>0x000001ddce6fc800 JavaThread "C2 CompilerThread1" daemon [_thread_in_native, id=9324, stack(0x00000009bcb00000,0x00000009bcc00000)]

Other Threads:
  0x000001ddca1e4800 VMThread "VM Thread" [stack: 0x00000009bb100000,0x00000009bb200000] [id=10204]
  0x000001ddcb032800 WatcherThread [stack: 0x00000009bbc00000,0x00000009bbd00000] [id=10268]
  0x000001ddad92c000 GCTaskThread "GC Thread#0" [stack: 0x00000009bac00000,0x00000009bad00000] [id=15568]
  0x000001ddcbb28800 GCTaskThread "GC Thread#1" [stack: 0x00000009bbe00000,0x00000009bbf00000] [id=8128]
  0x000001ddcbdf2800 GCTaskThread "GC Thread#2" [stack: 0x00000009bc000000,0x00000009bc100000] [id=9660]
  0x000001ddcbc14800 GCTaskThread "GC Thread#3" [stack: 0x00000009bc100000,0x00000009bc200000] [id=15244]
  0x000001ddcc844000 GCTaskThread "GC Thread#4" [stack: 0x00000009bbd00000,0x00000009bbe00000] [id=11876]
  0x000001ddce0cb800 GCTaskThread "GC Thread#5" [stack: 0x00000009bc600000,0x00000009bc700000] [id=15228]
  0x000001ddcf216800 GCTaskThread "GC Thread#6" [stack: 0x00000009bc700000,0x00000009bc800000] [id=2648]
  0x000001ddcc266800 GCTaskThread "GC Thread#7" [stack: 0x00000009bc800000,0x00000009bc900000] [id=4616]
  0x000001ddad94b800 ConcurrentGCThread "G1 Main Marker" [stack: 0x00000009bad00000,0x00000009bae00000] [id=5300]
  0x000001ddad94c800 ConcurrentGCThread "G1 Conc#0" [stack: 0x00000009bae00000,0x00000009baf00000] [id=3964]
  0x000001ddcba55000 ConcurrentGCThread "G1 Conc#1" [stack: 0x00000009bc200000,0x00000009bc300000] [id=5720]
  0x000001ddad9a9800 ConcurrentGCThread "G1 Refine#0" [stack: 0x00000009baf00000,0x00000009bb000000] [id=1168]
  0x000001ddad9ac000 ConcurrentGCThread "G1 Young RemSet Sampling" [stack: 0x00000009bb000000,0x00000009bb100000] [id=6492]

Threads with active compile tasks:
C2 CompilerThread0  11637 3904       4       java.net.URLStreamHandler::parseURL (1201 bytes)
C2 CompilerThread1  11637 3860   !   4       jdk.internal.loader.Resource::getBytes (242 bytes)

VM state:not at safepoint (normal execution)

VM Mutex/Monitor currently owned by a thread: None

Heap address: 0x00000000c2400000, size: 988 MB, Compressed Oops mode: 32-bit
Narrow klass base: 0x0000000000000000, Narrow klass shift: 3
Compressed class space size: 1073741824 Address: 0x0000000100000000

Heap:
 garbage-first heap   total 76800K, used 52885K [0x00000000c2400000, 0x0000000100000000)
  region size 1024K, 39 young (39936K), 3 survivors (3072K)
 Metaspace       used 51938K, capacity 53128K, committed 53248K, reserved 1095680K
  class space    used 6593K, capacity 7052K, committed 7168K, reserved 1048576K
Heap Regions: E=young(eden), S=young(survivor), O=old, HS=humongous(starts), HC=humongous(continues), CS=collection set, F=free, A=archive, TAMS=top-at-mark-start (previous, next)
|   0|0x00000000c2400000, 0x00000000c2500000, 0x00000000c2500000|100%|HS|  |TAMS 0x00000000c2500000, 0x00000000c2400000| Complete 
|   1|0x00000000c2500000, 0x00000000c2600000, 0x00000000c2600000|100%| O|  |TAMS 0x00000000c2600000, 0x00000000c2500000| Untracked 
|   2|0x00000000c2600000, 0x00000000c2700000, 0x00000000c2700000|100%| O|  |TAMS 0x00000000c2700000, 0x00000000c2600000| Untracked 
|   3|0x00000000c2700000, 0x00000000c2800000, 0x00000000c2800000|100%| O|  |TAMS 0x00000000c2800000, 0x00000000c2700000| Untracked 
|   4|0x00000000c2800000, 0x00000000c2900000, 0x00000000c2900000|100%| O|  |TAMS 0x00000000c2900000, 0x00000000c2800000| Untracked 
|   5|0x00000000c2900000, 0x00000000c2a00000, 0x00000000c2a00000|100%| O|  |TAMS 0x00000000c2a00000, 0x00000000c2900000| Untracked 
|   6|0x00000000c2a00000, 0x00000000c2b00000, 0x00000000c2b00000|100%| O|  |TAMS 0x00000000c2b00000, 0x00000000c2a00000| Untracked 
|   7|0x00000000c2b00000, 0x00000000c2c00000, 0x00000000c2c00000|100%| O|  |TAMS 0x00000000c2c00000, 0x00000000c2b00000| Untracked 
|   8|0x00000000c2c00000, 0x00000000c2d00000, 0x00000000c2d00000|100%| O|  |TAMS 0x00000000c2d00000, 0x00000000c2c00000| Untracked 
|   9|0x00000000c2d00000, 0x00000000c2e00000, 0x00000000c2e00000|100%| O|  |TAMS 0x00000000c2e00000, 0x00000000c2d00000| Untracked 
|  10|0x00000000c2e00000, 0x00000000c2f00000, 0x00000000c2f00000|100%| O|  |TAMS 0x00000000c2f00000, 0x00000000c2e00000| Untracked 
|  11|0x00000000c2f00000, 0x00000000c3000000, 0x00000000c3000000|100%| O|  |TAMS 0x00000000c2fdbe00, 0x00000000c2f00000| Untracked 
|  12|0x00000000c3000000, 0x00000000c3100000, 0x00000000c3100000|100%| O|  |TAMS 0x00000000c3000000, 0x00000000c3000000| Untracked 
|  13|0x00000000c3100000, 0x00000000c31b6c00, 0x00000000c3200000| 71%| O|  |TAMS 0x00000000c3100000, 0x00000000c3100000| Untracked 
|  14|0x00000000c3200000, 0x00000000c3200000, 0x00000000c3300000|  0%| F|  |TAMS 0x00000000c3200000, 0x00000000c3200000| Untracked 
|  15|0x00000000c3300000, 0x00000000c3300000, 0x00000000c3400000|  0%| F|  |TAMS 0x00000000c3300000, 0x00000000c3300000| Untracked 
|  16|0x00000000c3400000, 0x00000000c3400000, 0x00000000c3500000|  0%| F|  |TAMS 0x00000000c3400000, 0x00000000c3400000| Untracked 
|  17|0x00000000c3500000, 0x00000000c3500000, 0x00000000c3600000|  0%| F|  |TAMS 0x00000000c3500000, 0x00000000c3500000| Untracked 
|  18|0x00000000c3600000, 0x00000000c3600000, 0x00000000c3700000|  0%| F|  |TAMS 0x00000000c3600000, 0x00000000c3600000| Untracked 
|  19|0x00000000c3700000, 0x00000000c3700000, 0x00000000c3800000|  0%| F|  |TAMS 0x00000000c3700000, 0x00000000c3700000| Untracked 
|  20|0x00000000c3800000, 0x00000000c3800000, 0x00000000c3900000|  0%| F|  |TAMS 0x00000000c3800000, 0x00000000c3800000| Untracked 
|  21|0x00000000c3900000, 0x00000000c3900000, 0x00000000c3a00000|  0%| F|  |TAMS 0x00000000c3900000, 0x00000000c3900000| Untracked 
|  22|0x00000000c3a00000, 0x00000000c3a00000, 0x00000000c3b00000|  0%| F|  |TAMS 0x00000000c3a00000, 0x00000000c3a00000| Untracked 
|  23|0x00000000c3b00000, 0x00000000c3b00000, 0x00000000c3c00000|  0%| F|  |TAMS 0x00000000c3b00000, 0x00000000c3b00000| Untracked 
|  24|0x00000000c3c00000, 0x00000000c3c00000, 0x00000000c3d00000|  0%| F|  |TAMS 0x00000000c3c00000, 0x00000000c3c00000| Untracked 
|  25|0x00000000c3d00000, 0x00000000c3d00000, 0x00000000c3e00000|  0%| F|  |TAMS 0x00000000c3d00000, 0x00000000c3d00000| Untracked 
|  26|0x00000000c3e00000, 0x00000000c3e00000, 0x00000000c3f00000|  0%| F|  |TAMS 0x00000000c3e00000, 0x00000000c3e00000| Untracked 
|  27|0x00000000c3f00000, 0x00000000c3f00000, 0x00000000c4000000|  0%| F|  |TAMS 0x00000000c3f00000, 0x00000000c3f00000| Untracked 
|  28|0x00000000c4000000, 0x00000000c4000000, 0x00000000c4100000|  0%| F|  |TAMS 0x00000000c4000000, 0x00000000c4000000| Untracked 
|  29|0x00000000c4100000, 0x00000000c4100000, 0x00000000c4200000|  0%| F|  |TAMS 0x00000000c4100000, 0x00000000c4100000| Untracked 
|  30|0x00000000c4200000, 0x00000000c42ee918, 0x00000000c4300000| 93%| S|CS|TAMS 0x00000000c4200000, 0x00000000c4200000| Complete 
|  31|0x00000000c4300000, 0x00000000c4400000, 0x00000000c4400000|100%| S|CS|TAMS 0x00000000c4300000, 0x00000000c4300000| Complete 
|  32|0x00000000c4400000, 0x00000000c4400000, 0x00000000c4500000|  0%| F|  |TAMS 0x00000000c4400000, 0x00000000c4400000| Untracked 
|  33|0x00000000c4500000, 0x00000000c4500000, 0x00000000c4600000|  0%| F|  |TAMS 0x00000000c4500000, 0x00000000c4500000| Untracked 
|  34|0x00000000c4600000, 0x00000000c4600000, 0x00000000c4700000|  0%| F|  |TAMS 0x00000000c4600000, 0x00000000c4600000| Untracked 
|  35|0x00000000c4700000, 0x00000000c4700000, 0x00000000c4800000|  0%| F|  |TAMS 0x00000000c4700000, 0x00000000c4700000| Untracked 
|  36|0x00000000c4800000, 0x00000000c4900000, 0x00000000c4900000|100%| S|CS|TAMS 0x00000000c4800000, 0x00000000c4800000| Complete 
|  37|0x00000000c4900000, 0x00000000c4900000, 0x00000000c4a00000|  0%| F|  |TAMS 0x00000000c4900000, 0x00000000c4900000| Untracked 
|  38|0x00000000c4a00000, 0x00000000c4a00000, 0x00000000c4b00000|  0%| F|  |TAMS 0x00000000c4a00000, 0x00000000c4a00000| Untracked 
|  39|0x00000000c4b00000, 0x00000000c4c00000, 0x00000000c4c00000|100%| E|  |TAMS 0x00000000c4b00000, 0x00000000c4b00000| Complete 
|  40|0x00000000c4c00000, 0x00000000c4d00000, 0x00000000c4d00000|100%| E|CS|TAMS 0x00000000c4c00000, 0x00000000c4c00000| Complete 
|  41|0x00000000c4d00000, 0x00000000c4e00000, 0x00000000c4e00000|100%| E|CS|TAMS 0x00000000c4d00000, 0x00000000c4d00000| Complete 
|  42|0x00000000c4e00000, 0x00000000c4f00000, 0x00000000c4f00000|100%| E|CS|TAMS 0x00000000c4e00000, 0x00000000c4e00000| Complete 
|  43|0x00000000c4f00000, 0x00000000c5000000, 0x00000000c5000000|100%| E|CS|TAMS 0x00000000c4f00000, 0x00000000c4f00000| Complete 
|  44|0x00000000c5000000, 0x00000000c5100000, 0x00000000c5100000|100%| E|CS|TAMS 0x00000000c5000000, 0x00000000c5000000| Complete 
|  45|0x00000000c5100000, 0x00000000c5200000, 0x00000000c5200000|100%| E|CS|TAMS 0x00000000c5100000, 0x00000000c5100000| Complete 
|  46|0x00000000c5200000, 0x00000000c5300000, 0x00000000c5300000|100%| E|CS|TAMS 0x00000000c5200000, 0x00000000c5200000| Complete 
|  47|0x00000000c5300000, 0x00000000c5400000, 0x00000000c5400000|100%| E|CS|TAMS 0x00000000c5300000, 0x00000000c5300000| Complete 
|  48|0x00000000c5400000, 0x00000000c5500000, 0x00000000c5500000|100%| E|CS|TAMS 0x00000000c5400000, 0x00000000c5400000| Complete 
|  49|0x00000000c5500000, 0x00000000c5600000, 0x00000000c5600000|100%| E|CS|TAMS 0x00000000c5500000, 0x00000000c5500000| Complete 
|  50|0x00000000c5600000, 0x00000000c5700000, 0x00000000c5700000|100%| E|CS|TAMS 0x00000000c5600000, 0x00000000c5600000| Complete 
|  51|0x00000000c5700000, 0x00000000c5800000, 0x00000000c5800000|100%| E|CS|TAMS 0x00000000c5700000, 0x00000000c5700000| Complete 
|  52|0x00000000c5800000, 0x00000000c5900000, 0x00000000c5900000|100%| E|CS|TAMS 0x00000000c5800000, 0x00000000c5800000| Complete 
|  53|0x00000000c5900000, 0x00000000c5a00000, 0x00000000c5a00000|100%| E|CS|TAMS 0x00000000c5900000, 0x00000000c5900000| Complete 
|  54|0x00000000c5a00000, 0x00000000c5b00000, 0x00000000c5b00000|100%| E|CS|TAMS 0x00000000c5a00000, 0x00000000c5a00000| Complete 
|  55|0x00000000c5b00000, 0x00000000c5c00000, 0x00000000c5c00000|100%| E|CS|TAMS 0x00000000c5b00000, 0x00000000c5b00000| Complete 
|  56|0x00000000c5c00000, 0x00000000c5d00000, 0x00000000c5d00000|100%| E|CS|TAMS 0x00000000c5c00000, 0x00000000c5c00000| Complete 
|  57|0x00000000c5d00000, 0x00000000c5e00000, 0x00000000c5e00000|100%| E|CS|TAMS 0x00000000c5d00000, 0x00000000c5d00000| Complete 
|  58|0x00000000c5e00000, 0x00000000c5f00000, 0x00000000c5f00000|100%| E|CS|TAMS 0x00000000c5e00000, 0x00000000c5e00000| Complete 
|  59|0x00000000c5f00000, 0x00000000c6000000, 0x00000000c6000000|100%| E|CS|TAMS 0x00000000c5f00000, 0x00000000c5f00000| Complete 
|  60|0x00000000c6000000, 0x00000000c6100000, 0x00000000c6100000|100%| E|CS|TAMS 0x00000000c6000000, 0x00000000c6000000| Complete 
|  61|0x00000000c6100000, 0x00000000c6200000, 0x00000000c6200000|100%| E|CS|TAMS 0x00000000c6100000, 0x00000000c6100000| Complete 
|  62|0x00000000c6200000, 0x00000000c6300000, 0x00000000c6300000|100%| E|CS|TAMS 0x00000000c6200000, 0x00000000c6200000| Complete 
|  63|0x00000000c6300000, 0x00000000c6400000, 0x00000000c6400000|100%| E|CS|TAMS 0x00000000c6300000, 0x00000000c6300000| Complete 
|  64|0x00000000c6400000, 0x00000000c6500000, 0x00000000c6500000|100%| E|CS|TAMS 0x00000000c6400000, 0x00000000c6400000| Complete 
|  65|0x00000000c6500000, 0x00000000c6600000, 0x00000000c6600000|100%| E|CS|TAMS 0x00000000c6500000, 0x00000000c6500000| Complete 
|  66|0x00000000c6600000, 0x00000000c6700000, 0x00000000c6700000|100%| E|CS|TAMS 0x00000000c6600000, 0x00000000c6600000| Complete 
|  67|0x00000000c6700000, 0x00000000c6800000, 0x00000000c6800000|100%| E|CS|TAMS 0x00000000c6700000, 0x00000000c6700000| Complete 
|  68|0x00000000c6800000, 0x00000000c6900000, 0x00000000c6900000|100%| E|CS|TAMS 0x00000000c6800000, 0x00000000c6800000| Complete 
|  69|0x00000000c6900000, 0x00000000c6a00000, 0x00000000c6a00000|100%| E|CS|TAMS 0x00000000c6900000, 0x00000000c6900000| Complete 
|  70|0x00000000c6a00000, 0x00000000c6b00000, 0x00000000c6b00000|100%| E|CS|TAMS 0x00000000c6a00000, 0x00000000c6a00000| Complete 
|  71|0x00000000c6b00000, 0x00000000c6c00000, 0x00000000c6c00000|100%| E|CS|TAMS 0x00000000c6b00000, 0x00000000c6b00000| Complete 
|  72|0x00000000c6c00000, 0x00000000c6d00000, 0x00000000c6d00000|100%| E|CS|TAMS 0x00000000c6c00000, 0x00000000c6c00000| Complete 
|  73|0x00000000c6d00000, 0x00000000c6e00000, 0x00000000c6e00000|100%| E|CS|TAMS 0x00000000c6d00000, 0x00000000c6d00000| Complete 
|  74|0x00000000c6e00000, 0x00000000c6f00000, 0x00000000c6f00000|100%| E|CS|TAMS 0x00000000c6e00000, 0x00000000c6e00000| Complete 

Card table byte_map: [0x000001ddc5540000,0x000001ddc5730000] _byte_map_base: 0x000001ddc4f2e000

Marking Bits (Prev, Next): (CMBitMap*) 0x000001ddad946a48, (CMBitMap*) 0x000001ddad946a80
 Prev Bits: [0x000001ddc5920000, 0x000001ddc6890000)
 Next Bits: [0x000001ddc6890000, 0x000001ddc7800000)

Polling page: 0x000001ddad0f0000

Metaspace:

Usage:
  Non-class:     45.00 MB capacity,    44.29 MB ( 98%) used,   570.78 KB (  1%) free+waste,   151.06 KB ( <1%) overhead. 
      Class:      6.89 MB capacity,     6.44 MB ( 94%) used,   386.23 KB (  5%) free+waste,    71.13 KB (  1%) overhead. 
       Both:     51.88 MB capacity,    50.73 MB ( 98%) used,   957.01 KB (  2%) free+waste,   222.19 KB ( <1%) overhead. 

Virtual space:
  Non-class space:       46.00 MB reserved,      45.00 MB ( 98%) committed 
      Class space:        1.00 GB reserved,       7.00 MB ( <1%) committed 
             Both:        1.04 GB reserved,      52.00 MB (  5%) committed 

Chunk freelists:
   Non-Class:  4.00 KB
       Class:  20.00 KB
        Both:  24.00 KB

MaxMetaspaceSize: 17179869184.00 GB
CompressedClassSpaceSize: 1.00 GB

CodeHeap 'non-profiled nmethods': size=120000Kb used=2420Kb max_used=2420Kb free=117579Kb
 bounds [0x000001ddbdaf0000, 0x000001ddbdd60000, 0x000001ddc5020000]
CodeHeap 'profiled nmethods': size=120000Kb used=8740Kb max_used=8740Kb free=111259Kb
 bounds [0x000001ddb65c0000, 0x000001ddb6e50000, 0x000001ddbdaf0000]
CodeHeap 'non-nmethods': size=5760Kb used=1183Kb max_used=1225Kb free=4576Kb
 bounds [0x000001ddb6020000, 0x000001ddb6290000, 0x000001ddb65c0000]
 total_blobs=4467 nmethods=3932 adapters=446
 compilation: enabled
              stopped_count=0, restarted_count=0
 full_count=0

Compilation events (20 events):
Event: 11.501 Thread 0x000001ddcab8c800 3916       3       net.bytebuddy.description.type.TypeDescription$ForLoadedType::represents (22 bytes)
Event: 11.501 Thread 0x000001ddcab8c800 nmethod 3916 0x000001ddb6e3ac10 code [0x000001ddb6e3ade0, 0x000001ddb6e3b118]
Event: 11.501 Thread 0x000001ddcab8c800 3917       3       net.bytebuddy.description.type.TypeList$Generic$AbstractBase::<init> (5 bytes)
Event: 11.502 Thread 0x000001ddcab8c800 nmethod 3917 0x000001ddb6e3b290 code [0x000001ddb6e3b460, 0x000001ddb6e3b6d8]
Event: 11.502 Thread 0x000001ddcab8c800 3918       3       net.bytebuddy.description.method.MethodDescription$ForLoadedMethod::getReturnType (35 bytes)
Event: 11.502 Thread 0x000001ddcab8c800 nmethod 3918 0x000001ddb6e3b810 code [0x000001ddb6e3ba00, 0x000001ddb6e3bf58]
Event: 11.502 Thread 0x000001ddcab8c800 3919       3       net.bytebuddy.description.type.TypeDescription$Generic$Visitor$ForRawType::onNonGenericType (6 bytes)
Event: 11.502 Thread 0x000001ddcab8c800 nmethod 3919 0x000001ddb6e3c110 code [0x000001ddb6e3c2c0, 0x000001ddb6e3c438]
Event: 11.502 Thread 0x000001ddcab8c800 3920       3       net.bytebuddy.description.type.TypeDescription$Generic$Visitor$ForRawType::onNonGenericType (2 bytes)
Event: 11.502 Thread 0x000001ddcab8c800 nmethod 3920 0x000001ddb6e3c510 code [0x000001ddb6e3c6c0, 0x000001ddb6e3c7b8]
Event: 11.502 Thread 0x000001ddcab8c800 3921       3       net.bytebuddy.description.method.MethodDescription$ForLoadedMethod::getParameters (60 bytes)
Event: 11.503 Thread 0x000001ddcab8c800 nmethod 3921 0x000001ddb6e3c890 code [0x000001ddb6e3cae0, 0x000001ddb6e3d4b8]
Event: 11.503 Thread 0x000001ddcab8c800 3922       3       net.bytebuddy.description.method.MethodDescription$ForLoadedMethod::getModifiers (11 bytes)
Event: 11.504 Thread 0x000001ddcab8c800 nmethod 3922 0x000001ddb6e3d790 code [0x000001ddb6e3d940, 0x000001ddb6e3db58]
Event: 11.504 Thread 0x000001ddcab8c800 3923       3       net.bytebuddy.description.type.TypeDescription$Generic$OfNonGenericType::getSort (4 bytes)
Event: 11.504 Thread 0x000001ddcab8c800 nmethod 3923 0x000001ddb6e3dc10 code [0x000001ddb6e3ddc0, 0x000001ddb6e3ded8]
Event: 11.506 Thread 0x000001ddcab8c800 3924       1       net.bytebuddy.implementation.bytecode.StackSize::getSize (5 bytes)
Event: 11.507 Thread 0x000001ddcab8c800 nmethod 3924 0x000001ddbdd4c790 code [0x000001ddbdd4c940, 0x000001ddbdd4c9f8]
Event: 11.517 Thread 0x000001ddcab8c800 3925       3       net.bytebuddy.description.method.MethodDescription$TypeSubstituting::getModifiers (10 bytes)
Event: 11.518 Thread 0x000001ddcab8c800 nmethod 3925 0x000001ddb6e3df90 code [0x000001ddb6e3e140, 0x000001ddb6e3e308]

GC Heap History (20 events):
Event: 3.436 GC heap before
{Heap before GC invocations=2 (full 0):
 garbage-first heap   total 63488K, used 14601K [0x00000000c2400000, 0x0000000100000000)
  region size 1024K, 9 young (9216K), 2 survivors (2048K)
 Metaspace       used 20648K, capacity 21112K, committed 21296K, reserved 1069056K
  class space    used 2224K, capacity 2414K, committed 2432K, reserved 1048576K
}
Event: 3.440 GC heap after
{Heap after GC invocations=3 (full 0):
 garbage-first heap   total 63488K, used 8649K [0x00000000c2400000, 0x0000000100000000)
  region size 1024K, 2 young (2048K), 2 survivors (2048K)
 Metaspace       used 20648K, capacity 21112K, committed 21296K, reserved 1069056K
  class space    used 2224K, capacity 2414K, committed 2432K, reserved 1048576K
}
Event: 4.068 GC heap before
{Heap before GC invocations=4 (full 0):
 garbage-first heap   total 63488K, used 33225K [0x00000000c2400000, 0x0000000100000000)
  region size 1024K, 27 young (27648K), 2 survivors (2048K)
 Metaspace       used 24254K, capacity 24772K, committed 24960K, reserved 1071104K
  class space    used 2714K, capacity 2931K, committed 2944K, reserved 1048576K
}
Event: 4.074 GC heap after
{Heap after GC invocations=5 (full 0):
 garbage-first heap   total 63488K, used 9684K [0x00000000c2400000, 0x0000000100000000)
  region size 1024K, 3 young (3072K), 3 survivors (3072K)
 Metaspace       used 24254K, capacity 24772K, committed 24960K, reserved 1071104K
  class space    used 2714K, capacity 2931K, committed 2944K, reserved 1048576K
}
Event: 4.087 GC heap before
{Heap before GC invocations=5 (full 0):
 garbage-first heap   total 63488K, used 36308K [0x00000000c2400000, 0x0000000100000000)
  region size 1024K, 30 young (30720K), 3 survivors (3072K)
 Metaspace       used 24300K, capacity 24836K, committed 24960K, reserved 1071104K
  class space    used 2721K, capacity 2931K, committed 2944K, reserved 1048576K
}
Event: 4.091 GC heap after
{Heap after GC invocations=6 (full 0):
 garbage-first heap   total 63488K, used 9718K [0x00000000c2400000, 0x0000000100000000)
  region size 1024K, 2 young (2048K), 2 survivors (2048K)
 Metaspace       used 24300K, capacity 24836K, committed 24960K, reserved 1071104K
  class space    used 2721K, capacity 2931K, committed 2944K, reserved 1048576K
}
Event: 4.872 GC heap before
{Heap before GC invocations=6 (full 0):
 garbage-first heap   total 63488K, used 37366K [0x00000000c2400000, 0x0000000100000000)
  region size 1024K, 30 young (30720K), 2 survivors (2048K)
 Metaspace       used 26204K, capacity 26852K, committed 27136K, reserved 1073152K
  class space    used 2920K, capacity 3213K, committed 3328K, reserved 1048576K
}
Event: 4.878 GC heap after
{Heap after GC invocations=7 (full 0):
 garbage-first heap   total 63488K, used 10648K [0x00000000c2400000, 0x0000000100000000)
  region size 1024K, 3 young (3072K), 3 survivors (3072K)
 Metaspace       used 26204K, capacity 26852K, committed 27136K, reserved 1073152K
  class space    used 2920K, capacity 3213K, committed 3328K, reserved 1048576K
}
Event: 6.141 GC heap before
{Heap before GC invocations=7 (full 0):
 garbage-first heap   total 63488K, used 40344K [0x00000000c2400000, 0x0000000100000000)
  region size 1024K, 32 young (32768K), 3 survivors (3072K)
 Metaspace       used 30338K, capacity 31184K, committed 31232K, reserved 1077248K
  class space    used 3480K, capacity 3793K, committed 3840K, reserved 1048576K
}
Event: 6.155 GC heap after
{Heap after GC invocations=8 (full 0):
 garbage-first heap   total 63488K, used 12117K [0x00000000c2400000, 0x0000000100000000)
  region size 1024K, 4 young (4096K), 4 survivors (4096K)
 Metaspace       used 30338K, capacity 31184K, committed 31232K, reserved 1077248K
  class space    used 3480K, capacity 3793K, committed 3840K, reserved 1048576K
}
Event: 7.166 GC heap before
{Heap before GC invocations=8 (full 0):
 garbage-first heap   total 63488K, used 41813K [0x00000000c2400000, 0x0000000100000000)
  region size 1024K, 34 young (34816K), 4 survivors (4096K)
 Metaspace       used 34860K, capacity 35895K, committed 35968K, reserved 1081344K
  class space    used 4054K, capacity 4448K, committed 4480K, reserved 1048576K
}
Event: 7.184 GC heap after
{Heap after GC invocations=9 (full 0):
 garbage-first heap   total 63488K, used 14368K [0x00000000c2400000, 0x0000000100000000)
  region size 1024K, 4 young (4096K), 4 survivors (4096K)
 Metaspace       used 34860K, capacity 35895K, committed 35968K, reserved 1081344K
  class space    used 4054K, capacity 4448K, committed 4480K, reserved 1048576K
}
Event: 7.194 GC heap before
{Heap before GC invocations=9 (full 0):
 garbage-first heap   total 63488K, used 43040K [0x00000000c2400000, 0x0000000100000000)
  region size 1024K, 33 young (33792K), 4 survivors (4096K)
 Metaspace       used 34860K, capacity 35895K, committed 35968K, reserved 1081344K
  class space    used 4054K, capacity 4448K, committed 4480K, reserved 1048576K
}
Event: 7.204 GC heap after
{Heap after GC invocations=10 (full 0):
 garbage-first heap   total 76800K, used 14548K [0x00000000c2400000, 0x0000000100000000)
  region size 1024K, 3 young (3072K), 3 survivors (3072K)
 Metaspace       used 34860K, capacity 35895K, committed 35968K, reserved 1081344K
  class space    used 4054K, capacity 4448K, committed 4480K, reserved 1048576K
}
Event: 7.253 GC heap before
{Heap before GC invocations=10 (full 0):
 garbage-first heap   total 76800K, used 16596K [0x00000000c2400000, 0x0000000100000000)
  region size 1024K, 6 young (6144K), 3 survivors (3072K)
 Metaspace       used 34920K, capacity 35895K, committed 35968K, reserved 1081344K
  class space    used 4059K, capacity 4448K, committed 4480K, reserved 1048576K
}
Event: 7.269 GC heap after
{Heap after GC invocations=11 (full 0):
 garbage-first heap   total 76800K, used 14191K [0x00000000c2400000, 0x0000000100000000)
  region size 1024K, 2 young (2048K), 2 survivors (2048K)
 Metaspace       used 34920K, capacity 35895K, committed 35968K, reserved 1081344K
  class space    used 4059K, capacity 4448K, committed 4480K, reserved 1048576K
}
Event: 8.285 GC heap before
{Heap before GC invocations=12 (full 0):
 garbage-first heap   total 76800K, used 52079K [0x00000000c2400000, 0x0000000100000000)
  region size 1024K, 39 young (39936K), 2 survivors (2048K)
 Metaspace       used 39844K, capacity 40985K, committed 41088K, reserved 1085440K
  class space    used 4782K, capacity 5247K, committed 5248K, reserved 1048576K
}
Event: 8.295 GC heap after
{Heap after GC invocations=13 (full 0):
 garbage-first heap   total 76800K, used 15420K [0x00000000c2400000, 0x0000000100000000)
  region size 1024K, 4 young (4096K), 4 survivors (4096K)
 Metaspace       used 39844K, capacity 40985K, committed 41088K, reserved 1085440K
  class space    used 4782K, capacity 5247K, committed 5248K, reserved 1048576K
}
Event: 9.729 GC heap before
{Heap before GC invocations=13 (full 0):
 garbage-first heap   total 76800K, used 54332K [0x00000000c2400000, 0x0000000100000000)
  region size 1024K, 42 young (43008K), 4 survivors (4096K)
 Metaspace       used 46711K, capacity 47867K, committed 48128K, reserved 1091584K
  class space    used 5804K, capacity 6281K, committed 6400K, reserved 1048576K
}
Event: 9.738 GC heap after
{Heap after GC invocations=14 (full 0):
 garbage-first heap   total 76800K, used 17045K [0x00000000c2400000, 0x0000000100000000)
  region size 1024K, 3 young (3072K), 3 survivors (3072K)
 Metaspace       used 46711K, capacity 47867K, committed 48128K, reserved 1091584K
  class space    used 5804K, capacity 6281K, committed 6400K, reserved 1048576K
}

Deoptimization events (20 events):
Event: 9.939 Thread 0x000001ddad914800 Uncommon trap: trap_request=0xffffffde fr.pc=0x000001ddbdcefacc relative=0x000000000000074c
Event: 9.939 Thread 0x000001ddad914800 Uncommon trap: reason=class_check action=maybe_recompile pc=0x000001ddbdcefacc method=sun.security.provider.DigestBase.engineUpdate([BII)V @ 128 c2
Event: 9.939 Thread 0x000001ddad914800 DEOPT PACKING pc=0x000001ddbdcefacc sp=0x00000009babfdf90
Event: 9.939 Thread 0x000001ddad914800 DEOPT UNPACKING pc=0x000001ddb604662f sp=0x00000009babfdf78 mode 2
Event: 9.945 Thread 0x000001ddad914800 Uncommon trap: trap_request=0xffffff4d fr.pc=0x000001ddbdc6b9bc relative=0x00000000000006bc
Event: 9.945 Thread 0x000001ddad914800 Uncommon trap: reason=unstable_if action=reinterpret pc=0x000001ddbdc6b9bc method=java.util.HashMap$HashIterator.<init>(Ljava/util/HashMap;)V @ 45 c2
Event: 9.945 Thread 0x000001ddad914800 DEOPT PACKING pc=0x000001ddbdc6b9bc sp=0x00000009babfe480
Event: 9.945 Thread 0x000001ddad914800 DEOPT UNPACKING pc=0x000001ddb604662f sp=0x00000009babfe310 mode 2
Event: 9.953 Thread 0x000001ddad914800 Uncommon trap: trap_request=0xffffff4d fr.pc=0x000001ddbdc059f0 relative=0x00000000000001b0
Event: 9.953 Thread 0x000001ddad914800 Uncommon trap: reason=unstable_if action=reinterpret pc=0x000001ddbdc059f0 method=org.springframework.beans.factory.support.AbstractAutowireCapableBeanFactory.determineTargetType(Ljava/lang/String;Lorg/springframework/beans/factory/support/RootBeanDefinit
Event: 9.953 Thread 0x000001ddad914800 DEOPT PACKING pc=0x000001ddbdc059f0 sp=0x00000009babfe000
Event: 9.953 Thread 0x000001ddad914800 DEOPT UNPACKING pc=0x000001ddb604662f sp=0x00000009babfdfb8 mode 2
Event: 9.956 Thread 0x000001ddad914800 Uncommon trap: trap_request=0xffffff6e fr.pc=0x000001ddbdca7db8 relative=0x0000000000000cd8
Event: 9.956 Thread 0x000001ddad914800 Uncommon trap: reason=speculate_class_check action=maybe_recompile pc=0x000001ddbdca7db8 method=java.lang.reflect.Executable.declaredAnnotations()Ljava/util/Map; @ 23 c2
Event: 9.956 Thread 0x000001ddad914800 DEOPT PACKING pc=0x000001ddbdca7db8 sp=0x00000009babfd970
Event: 9.956 Thread 0x000001ddad914800 DEOPT UNPACKING pc=0x000001ddb604662f sp=0x00000009babfd900 mode 2
Event: 11.143 Thread 0x000001ddad914800 Uncommon trap: trap_request=0xffffff6e fr.pc=0x000001ddbdca7db8 relative=0x0000000000000cd8
Event: 11.143 Thread 0x000001ddad914800 Uncommon trap: reason=speculate_class_check action=maybe_recompile pc=0x000001ddbdca7db8 method=java.lang.reflect.Executable.declaredAnnotations()Ljava/util/Map; @ 23 c2
Event: 11.143 Thread 0x000001ddad914800 DEOPT PACKING pc=0x000001ddbdca7db8 sp=0x00000009babfbdc0
Event: 11.144 Thread 0x000001ddad914800 DEOPT UNPACKING pc=0x000001ddb604662f sp=0x00000009babfbd50 mode 2

Classes redefined (0 events):
No events

Internal exceptions (20 events):
Event: 6.189 Thread 0x000001ddad914800 Exception <a 'java/lang/ClassNotFoundException'{0x00000000c6196860}: org/springframework/beans/factory/AwareCustomizer> (0x00000000c6196860) thrown at [./src/hotspot/share/classfile/systemDictionary.cpp, line 231]
Event: 6.338 Thread 0x000001ddad914800 Exception <a 'java/lang/NoSuchMethodError'{0x00000000c5d50d30}: 'int java.lang.invoke.DirectMethodHandle$Holder.invokeSpecial(java.lang.Object, java.lang.Object, java.lang.Object, java.lang.Object, java.lang.Object)'> (0x00000000c5d50d30) thrown at [./src/hotspot/share/interpreter/linkResolver.cpp, line 773]
Event: 6.389 Thread 0x000001ddad914800 Implicit null exception at 0x000001ddbdc1124f to 0x000001ddbdc11698
Event: 6.396 Thread 0x000001ddad914800 Exception <a 'java/lang/NoSuchMethodError'{0x00000000c5b6d260}: 'void java.lang.invoke.DelegatingMethodHandle$Holder.delegate(java.lang.Object, java.lang.Object, int, java.lang.Object)'> (0x00000000c5b6d260) thrown at [./src/hotspot/share/interpreter/linkResolver.cpp, line 773]
Event: 6.445 Thread 0x000001ddad914800 Exception <a 'java/lang/NoSuchMethodError'{0x00000000c5a9e6f0}: 'void java.lang.invoke.DirectMethodHandle$Holder.invokeInterface(java.lang.Object, java.lang.Object, int)'> (0x00000000c5a9e6f0) thrown at [./src/hotspot/share/interpreter/linkResolver.cpp, line 773]
Event: 6.447 Thread 0x000001ddad914800 Exception <a 'java/lang/NoSuchMethodError'{0x00000000c5ab7068}: 'int java.lang.invoke.DirectMethodHandle$Holder.invokeVirtual(java.lang.Object, java.lang.Object)'> (0x00000000c5ab7068) thrown at [./src/hotspot/share/interpreter/linkResolver.cpp, line 773]
Event: 6.451 Thread 0x000001ddad914800 Exception <a 'java/lang/IncompatibleClassChangeError'{0x00000000c5aecc48}: Found class java.lang.Object, but interface was expected> (0x00000000c5aecc48) thrown at [./src/hotspot/share/interpreter/linkResolver.cpp, line 839]
Event: 6.452 Thread 0x000001ddad914800 Exception <a 'java/lang/NoSuchMethodError'{0x00000000c5af1dc0}: 'void java.lang.invoke.DirectMethodHandle$Holder.invokeStatic(java.lang.Object, int, java.lang.Object)'> (0x00000000c5af1dc0) thrown at [./src/hotspot/share/interpreter/linkResolver.cpp, line 773]
Event: 6.586 Thread 0x000001ddad914800 Exception <a 'java/lang/NoSuchMethodError'{0x00000000c555cbe0}: 'java.lang.Object java.lang.invoke.DirectMethodHandle$Holder.invokeStaticInit(java.lang.Object, int, int, int, int)'> (0x00000000c555cbe0) thrown at [./src/hotspot/share/interpreter/linkResolver.cpp, line 773]
Event: 6.836 Thread 0x000001ddad914800 Exception <a 'java/lang/NoSuchMethodError'{0x00000000c55ab9c8}: 'java.lang.Object java.lang.invoke.DirectMethodHandle$Holder.invokeStaticInit(java.lang.Object, java.lang.Object, int, int, int, int)'> (0x00000000c55ab9c8) thrown at [./src/hotspot/share/interpreter/linkResolver.cpp, line 773]
Event: 7.090 Thread 0x000001ddad914800 Implicit null exception at 0x000001ddbdba635c to 0x000001ddbdba7f28
Event: 7.362 Thread 0x000001ddad914800 Exception <a 'java/io/FileNotFoundException'{0x00000000c6ed1ac8}> (0x00000000c6ed1ac8) thrown at [./src/hotspot/share/prims/jni.cpp, line 615]
Event: 7.420 Thread 0x000001ddad914800 Exception <a 'java/lang/NoSuchMethodError'{0x00000000c69520a8}: 'int java.lang.invoke.DirectMethodHandle$Holder.invokeInterface(java.lang.Object, java.lang.Object, java.lang.Object, java.lang.Object)'> (0x00000000c69520a8) thrown at [./src/hotspot/share/interpreter/linkResolver.cpp, line 773]
Event: 7.552 Thread 0x000001ddad914800 Exception <a 'java/io/FileNotFoundException'{0x00000000c67ea4e8}> (0x00000000c67ea4e8) thrown at [./src/hotspot/share/prims/jni.cpp, line 615]
Event: 7.858 Thread 0x000001ddad914800 Implicit null exception at 0x000001ddbdc18e6b to 0x000001ddbdc190f0
Event: 8.597 Thread 0x000001ddad914800 Implicit null exception at 0x000001ddbdc793ec to 0x000001ddbdc79494
Event: 8.990 Thread 0x000001ddad914800 Exception <a 'sun/nio/fs/WindowsException'{0x00000000c5a3a0a0}> (0x00000000c5a3a0a0) thrown at [./src/hotspot/share/prims/jni.cpp, line 615]
Event: 9.391 Thread 0x000001ddad914800 Exception <a 'java/lang/NoSuchMethodError'{0x00000000c519e138}: 'java.lang.Object java.lang.invoke.DirectMethodHandle$Holder.invokeStaticInit(java.lang.Object, java.lang.Object, java.lang.Object, java.lang.Object)'> (0x00000000c519e138) thrown at [./src/hotspot/share/interpreter/linkResolver.cpp, line 773]
Event: 9.952 Thread 0x000001ddcb9a5800 Exception <a 'sun/net/ConnectionResetException'{0x00000000c6bbc1a0}: > (0x00000000c6bbc1a0) thrown at [./src/hotspot/share/prims/jni.cpp, line 636]
Event: 10.078 Thread 0x000001ddad914800 Exception <a 'java/lang/NoSuchMethodError'{0x00000000c668d148}: 'java.lang.Object java.lang.invoke.DirectMethodHandle$Holder.newInvokeSpecial(java.lang.Object, java.lang.Object, int, java.lang.Object, java.lang.Object)'> (0x00000000c668d148) thrown at [./src/hotspot/share/interpreter/linkResolver.cpp, line 773]

Events (20 events):
Event: 11.478 loading class net/bytebuddy/implementation/bytecode/ByteCodeAppender$Size
Event: 11.478 loading class net/bytebuddy/implementation/bytecode/ByteCodeAppender$Size done
Event: 11.481 loading class net/bytebuddy/implementation/bytecode/assign/primitive/PrimitiveUnboxingDelegate
Event: 11.481 loading class net/bytebuddy/implementation/bytecode/assign/primitive/PrimitiveUnboxingDelegate done
Event: 11.483 loading class net/bytebuddy/implementation/bytecode/assign/primitive/PrimitiveUnboxingDelegate$UnboxingResponsible
Event: 11.483 loading class net/bytebuddy/implementation/bytecode/assign/primitive/PrimitiveUnboxingDelegate$UnboxingResponsible done
Event: 11.485 loading class net/bytebuddy/implementation/bytecode/assign/primitive/PrimitiveUnboxingDelegate$ImplicitlyTypedUnboxingResponsible
Event: 11.485 loading class net/bytebuddy/implementation/bytecode/assign/primitive/PrimitiveUnboxingDelegate$ImplicitlyTypedUnboxingResponsible done
Event: 11.488 loading class net/bytebuddy/implementation/bytecode/assign/TypeCasting
Event: 11.488 loading class net/bytebuddy/implementation/bytecode/assign/TypeCasting done
Event: 11.492 loading class net/bytebuddy/implementation/bytecode/assign/primitive/PrimitiveBoxingDelegate
Event: 11.492 loading class net/bytebuddy/implementation/bytecode/assign/primitive/PrimitiveBoxingDelegate done
Event: 11.496 loading class net/bytebuddy/implementation/bytecode/assign/primitive/PrimitiveBoxingDelegate$BoxingStackManipulation
Event: 11.496 loading class net/bytebuddy/implementation/bytecode/assign/primitive/PrimitiveBoxingDelegate$BoxingStackManipulation done
Event: 11.506 loading class net/bytebuddy/implementation/bytecode/Removal
Event: 11.506 loading class net/bytebuddy/implementation/bytecode/Removal done
Event: 11.508 loading class net/bytebuddy/implementation/bytecode/Removal$1
Event: 11.508 loading class net/bytebuddy/implementation/bytecode/Removal$1 done
Event: 11.510 loading class net/bytebuddy/implementation/bytecode/Removal$2
Event: 11.510 loading class net/bytebuddy/implementation/bytecode/Removal$2 done


Dynamic libraries:
0x00007ff749e20000 - 0x00007ff749e2d000 	C:\Program Files\AdoptOpenJDK\jdk-11.0.11.9-hotspot\bin\java.exe
0x00007ffb92560000 - 0x00007ffb92769000 	C:\WINDOWS\SYSTEM32\ntdll.dll
0x00007ffb904d0000 - 0x00007ffb9058d000 	C:\WINDOWS\System32\KERNEL32.DLL
0x00007ffb8fe00000 - 0x00007ffb90174000 	C:\WINDOWS\System32\KERNELBASE.dll
0x00007ffb8fad0000 - 0x00007ffb8fbe1000 	C:\WINDOWS\System32\ucrtbase.dll
0x00007ffb7dac0000 - 0x00007ffb7dad5000 	C:\Program Files\AdoptOpenJDK\jdk-11.0.11.9-hotspot\bin\VCRUNTIME140.dll
0x00007ffb7cdf0000 - 0x00007ffb7ce07000 	C:\Program Files\AdoptOpenJDK\jdk-11.0.11.9-hotspot\bin\jli.dll
0x00007ffb77590000 - 0x00007ffb77835000 	C:\WINDOWS\WinSxS\amd64_microsoft.windows.common-controls_6595b64144ccf1df_6.0.22000.120_none_9d947278b86cc467\COMCTL32.dll
0x00007ffb90420000 - 0x00007ffb904c3000 	C:\WINDOWS\System32\msvcrt.dll
0x00007ffb90880000 - 0x00007ffb908a9000 	C:\WINDOWS\System32\GDI32.dll
0x00007ffb908d0000 - 0x00007ffb90a7c000 	C:\WINDOWS\System32\USER32.dll
0x00007ffb8fdd0000 - 0x00007ffb8fdf6000 	C:\WINDOWS\System32\win32u.dll
0x00007ffb8fcb0000 - 0x00007ffb8fdc2000 	C:\WINDOWS\System32\gdi32full.dll
0x00007ffb902f0000 - 0x00007ffb9038d000 	C:\WINDOWS\System32\msvcp_win.dll
0x00007ffb90590000 - 0x00007ffb905c1000 	C:\WINDOWS\System32\IMM32.DLL
0x00007ffb69500000 - 0x00007ffb6959b000 	C:\Program Files\AdoptOpenJDK\jdk-11.0.11.9-hotspot\bin\msvcp140.dll
0x00007ffb46d90000 - 0x00007ffb478db000 	C:\Program Files\AdoptOpenJDK\jdk-11.0.11.9-hotspot\bin\server\jvm.dll
0x00007ffb91a00000 - 0x00007ffb91aae000 	C:\WINDOWS\System32\ADVAPI32.dll
0x00007ffb92140000 - 0x00007ffb921de000 	C:\WINDOWS\System32\sechost.dll
0x00007ffb91ea0000 - 0x00007ffb91fc0000 	C:\WINDOWS\System32\RPCRT4.dll
0x00007ffb922e0000 - 0x00007ffb922e8000 	C:\WINDOWS\System32\PSAPI.DLL
0x00007ffb6ab40000 - 0x00007ffb6ab49000 	C:\WINDOWS\SYSTEM32\WSOCK32.dll
0x00007ffb8abe0000 - 0x00007ffb8ac13000 	C:\WINDOWS\SYSTEM32\WINMM.dll
0x00007ffb90c90000 - 0x00007ffb90cff000 	C:\WINDOWS\System32\WS2_32.dll
0x00007ffb89460000 - 0x00007ffb8946a000 	C:\WINDOWS\SYSTEM32\VERSION.dll
0x00007ffb8ebc0000 - 0x00007ffb8ebd8000 	C:\WINDOWS\SYSTEM32\kernel.appcore.dll
0x00007ffb8be30000 - 0x00007ffb8be40000 	C:\Program Files\AdoptOpenJDK\jdk-11.0.11.9-hotspot\bin\verify.dll
0x00007ffb8d4a0000 - 0x00007ffb8d6c1000 	C:\WINDOWS\SYSTEM32\DBGHELP.DLL
0x00007ffb6d100000 - 0x00007ffb6d131000 	C:\WINDOWS\SYSTEM32\dbgcore.DLL
0x00007ffb8fa50000 - 0x00007ffb8facf000 	C:\WINDOWS\System32\bcryptPrimitives.dll
0x00007ffb768a0000 - 0x00007ffb768c8000 	C:\Program Files\AdoptOpenJDK\jdk-11.0.11.9-hotspot\bin\java.dll
0x00007ffb894e0000 - 0x00007ffb894ea000 	C:\Program Files\AdoptOpenJDK\jdk-11.0.11.9-hotspot\bin\jimage.dll
0x00007ffb7fe50000 - 0x00007ffb7fe5e000 	C:\Program Files\AdoptOpenJDK\jdk-11.0.11.9-hotspot\bin\instrument.dll
0x00007ffb76880000 - 0x00007ffb76897000 	C:\Program Files\AdoptOpenJDK\jdk-11.0.11.9-hotspot\bin\zip.dll
0x00007ffb91250000 - 0x00007ffb919fe000 	C:\WINDOWS\System32\SHELL32.dll
0x00007ffb8dbc0000 - 0x00007ffb8e427000 	C:\WINDOWS\SYSTEM32\windows.storage.dll
0x00007ffb91ab0000 - 0x00007ffb91e28000 	C:\WINDOWS\System32\combase.dll
0x00007ffb8da50000 - 0x00007ffb8dbb6000 	C:\WINDOWS\SYSTEM32\wintypes.dll
0x00007ffb905d0000 - 0x00007ffb906ba000 	C:\WINDOWS\System32\SHCORE.dll
0x00007ffb92270000 - 0x00007ffb922cd000 	C:\WINDOWS\System32\shlwapi.dll
0x00007ffb8f980000 - 0x00007ffb8f9a1000 	C:\WINDOWS\SYSTEM32\profapi.dll
0x00007ffb76840000 - 0x00007ffb76859000 	C:\Program Files\AdoptOpenJDK\jdk-11.0.11.9-hotspot\bin\net.dll
0x00007ffb8aec0000 - 0x00007ffb8afcc000 	C:\WINDOWS\SYSTEM32\WINHTTP.dll
0x00007ffb8f070000 - 0x00007ffb8f0d7000 	C:\WINDOWS\system32\mswsock.dll
0x00007ffb76820000 - 0x00007ffb76832000 	C:\Program Files\AdoptOpenJDK\jdk-11.0.11.9-hotspot\bin\nio.dll
0x00007ffb75720000 - 0x00007ffb7573a000 	C:\Program Files\JetBrains\IntelliJ IDEA Community Edition 2021.3.1\bin\breakgen64.dll
0x00007ffb7e610000 - 0x00007ffb7e619000 	C:\Program Files\AdoptOpenJDK\jdk-11.0.11.9-hotspot\bin\management.dll
0x00007ffb7e5d0000 - 0x00007ffb7e5db000 	C:\Program Files\AdoptOpenJDK\jdk-11.0.11.9-hotspot\bin\management_ext.dll
0x00007ffb6dee0000 - 0x00007ffb6def7000 	C:\WINDOWS\system32\napinsp.dll
0x00007ffb6dec0000 - 0x00007ffb6dedb000 	C:\WINDOWS\system32\pnrpnsp.dll
0x00007ffb8e760000 - 0x00007ffb8e847000 	C:\WINDOWS\SYSTEM32\DNSAPI.dll
0x00007ffb8e6f0000 - 0x00007ffb8e71d000 	C:\WINDOWS\SYSTEM32\IPHLPAPI.DLL
0x00007ffb91e30000 - 0x00007ffb91e39000 	C:\WINDOWS\System32\NSI.dll
0x00007ffb6cee0000 - 0x00007ffb6cef2000 	C:\WINDOWS\System32\winrnr.dll
0x00007ffb6cec0000 - 0x00007ffb6ced5000 	C:\WINDOWS\system32\wshbth.dll
0x00007ffb6cea0000 - 0x00007ffb6cebf000 	C:\WINDOWS\system32\nlansp_c.dll
0x00007ffb84920000 - 0x00007ffb8492a000 	C:\Windows\System32\rasadhlp.dll
0x00007ffb89510000 - 0x00007ffb89591000 	C:\WINDOWS\System32\fwpuclnt.dll
0x00007ffb8f2b0000 - 0x00007ffb8f2c8000 	C:\WINDOWS\SYSTEM32\CRYPTSP.dll
0x00007ffb8eb20000 - 0x00007ffb8eb55000 	C:\WINDOWS\system32\rsaenh.dll
0x00007ffb8f160000 - 0x00007ffb8f189000 	C:\WINDOWS\SYSTEM32\USERENV.dll
0x00007ffb8f430000 - 0x00007ffb8f457000 	C:\WINDOWS\SYSTEM32\bcrypt.dll
0x00007ffb8f2d0000 - 0x00007ffb8f2dc000 	C:\WINDOWS\SYSTEM32\CRYPTBASE.dll
0x00007ffb8b020000 - 0x00007ffb8b039000 	C:\WINDOWS\SYSTEM32\dhcpcsvc6.DLL
0x00007ffb8b360000 - 0x00007ffb8b37e000 	C:\WINDOWS\SYSTEM32\dhcpcsvc.DLL
0x00007ffb756f0000 - 0x00007ffb75715000 	C:\Program Files\AdoptOpenJDK\jdk-11.0.11.9-hotspot\bin\sunec.dll

dbghelp: loaded successfully - version: 4.0.5 - missing functions: none
symbol engine: initialized successfully - sym options: 0x614 - pdb path: .;C:\Program Files\AdoptOpenJDK\jdk-11.0.11.9-hotspot\bin;C:\WINDOWS\SYSTEM32;C:\WINDOWS\WinSxS\amd64_microsoft.windows.common-controls_6595b64144ccf1df_6.0.22000.120_none_9d947278b86cc467;C:\Program Files\AdoptOpenJDK\jdk-11.0.11.9-hotspot\bin\server;C:\Program Files\JetBrains\IntelliJ IDEA Community Edition 2021.3.1\bin

VM Arguments:
jvm_args: -javaagent:C:\Program Files\JetBrains\IntelliJ IDEA Community Edition 2021.3.1\lib\idea_rt.jar=58679:C:\Program Files\JetBrains\IntelliJ IDEA Community Edition 2021.3.1\bin -Dfile.encoding=UTF-8 
java_command: com.binar.grab.GrabApplication
java_class_path (initial): D:\Rafi\Bootcamp\grab\target\classes;C:\Users\Asus\.m2\repository\org\springframework\boot\spring-boot-starter-data-jpa\2.6.1\spring-boot-starter-data-jpa-2.6.1.jar;C:\Users\Asus\.m2\repository\org\springframework\boot\spring-boot-starter-aop\2.6.1\spring-boot-starter-aop-2.6.1.jar;C:\Users\Asus\.m2\repository\org\springframework\spring-aop\5.3.13\spring-aop-5.3.13.jar;C:\Users\Asus\.m2\repository\org\aspectj\aspectjweaver\1.9.7\aspectjweaver-1.9.7.jar;C:\Users\Asus\.m2\repository\org\springframework\boot\spring-boot-starter-jdbc\2.6.1\spring-boot-starter-jdbc-2.6.1.jar;C:\Users\Asus\.m2\repository\com\zaxxer\HikariCP\4.0.3\HikariCP-4.0.3.jar;C:\Users\Asus\.m2\repository\org\springframework\spring-jdbc\5.3.13\spring-jdbc-5.3.13.jar;C:\Users\Asus\.m2\repository\jakarta\transaction\jakarta.transaction-api\1.3.3\jakarta.transaction-api-1.3.3.jar;C:\Users\Asus\.m2\repository\jakarta\persistence\jakarta.persistence-api\2.2.3\jakarta.persistence-api-2.2.3.jar;C:\Users\Asus\.m2\repository\org\springframework\data\spring-data-jpa\2.6.0\spring-data-jpa-2.6.0.jar;C:\Users\Asus\.m2\repository\org\springframework\data\spring-data-commons\2.6.0\spring-data-commons-2.6.0.jar;C:\Users\Asus\.m2\repository\org\springframework\spring-orm\5.3.13\spring-orm-5.3.13.jar;C:\Users\Asus\.m2\repository\org\springframework\spring-context\5.3.13\spring-context-5.3.13.jar;C:\Users\Asus\.m2\repository\org\springframework\spring-tx\5.3.13\spring-tx-5.3.13.jar;C:\Users\Asus\.m2\repository\org\springframework\spring-beans\5.3.13\spring-beans-5.3.13.jar;C:\Users\Asus\.m2\repository\org\slf4j\slf4j-api\1.7.32\slf4j-api-1.7.32.jar;C:\Users\Asus\.m2\repository\org\springframework\spring-aspects\5.3.13\spring-aspects-5.3.13.jar;C:\Users\Asus\.m2\repository\org\springframework\boot\spring-boot-starter-web\2.6.1\spring-boot-starter-web-2.6.1.jar;C:\Users\Asus\.m2\repository\org\springframework\boot\spring-boot-starter\2.6.1\spring-boot-starter-2.6.1.jar;C:\Users\Asus\.m2\repos
Launcher Type: SUN_STANDARD

[Global flags]
     intx CICompilerCount                          = 4                                         {product} {ergonomic}
     uint ConcGCThreads                            = 2                                         {product} {ergonomic}
     uint G1ConcRefinementThreads                  = 8                                         {product} {ergonomic}
   size_t G1HeapRegionSize                         = 1048576                                   {product} {ergonomic}
    uintx GCDrainStackTargetSize                   = 64                                        {product} {ergonomic}
   size_t InitialHeapSize                          = 65011712                                  {product} {ergonomic}
   size_t MarkStackSize                            = 4194304                                   {product} {ergonomic}
   size_t MaxHeapSize                              = 1035993088                                {product} {ergonomic}
   size_t MaxNewSize                               = 620756992                                 {product} {ergonomic}
   size_t MinHeapDeltaBytes                        = 1048576                                   {product} {ergonomic}
    uintx NonNMethodCodeHeapSize                   = 5836300                                {pd product} {ergonomic}
    uintx NonProfiledCodeHeapSize                  = 122910970                              {pd product} {ergonomic}
    uintx ProfiledCodeHeapSize                     = 122910970                              {pd product} {ergonomic}
    uintx ReservedCodeCacheSize                    = 251658240                              {pd product} {ergonomic}
     bool SegmentedCodeCache                       = true                                      {product} {ergonomic}
     bool UseCompressedClassPointers               = true                                 {lp64_product} {ergonomic}
     bool UseCompressedOops                        = true                                 {lp64_product} {ergonomic}
     bool UseG1GC                                  = true                                      {product} {ergonomic}
     bool UseLargePagesIndividualAllocation        = false                                  {pd product} {ergonomic}

Logging:
Log output configuration:
 #0: stdout all=warning uptime,level,tags
 #1: stderr all=off uptime,level,tags

Environment Variables:
PATH=C:\Program Files\AdoptOpenJDK\jdk-11.0.11.9-hotspot\bin;C:\Program Files (x86)\Common Files\Intel\Shared Libraries\redist\intel64\compiler;C:\Program Files (x86)\Common Files\Oracle\Java\javapath;C:\ProgramData\Oracle\Java\javapath;C:\Program Files (x86)\Common Files\Intel\Shared Files\cpp\bin\Intel64;C:\Windows\system32;C:\Windows;C:\Windows\System32\Wbem;C:\Windows\System32\WindowsPowerShell\v1.0\;C:\Windows\System32\OpenSSH\;C:\Program Files (x86)\NVIDIA Corporation\PhysX\Common;C:\Program Files\Intel\WiFi\bin\;C:\Program Files\Common Files\Intel\WirelessCommon\;C:\Program Files\NVIDIA Corporation\NVIDIA NvDLISR;C:\Program Files\nodejs\;C:\Program Files\Microsoft SQL Server\Client SDK\ODBC\170\Tools\Binn\;C:\Program Files (x86)\Microsoft SQL Server\150\Tools\Binn\;C:\Program Files\Microsoft SQL Server\150\Tools\Binn\;C:\Program Files\Microsoft SQL Server\150\DTS\Binn\;C:\Program Files (x86)\Microsoft SQL Server\150\DTS\Binn\;C:\Program Files\Git\cmd;C:\WINDOWS\system32;C:\WINDOWS;C:\WINDOWS\System32\Wbem;C:\WINDOWS\System32\WindowsPowerShell\v1.0\;C:\WINDOWS\System32\OpenSSH\;C:\Users\Asus\AppData\Local\Microsoft\WindowsApps;C:\Users\Asus\AppData\Roaming\npm;C:\Users\Asus\AppData\Local\Programs\Microsoft VS Code\bin;C:\Users\Asus\AppData\Local\GitHubDesktop\bin;C:\Program Files\heroku\bin
USERNAME=Asus
OS=Windows_NT
PROCESSOR_IDENTIFIER=Intel64 Family 6 Model 142 Stepping 12, GenuineIntel



---------------  S Y S T E M  ---------------

OS: Windows 10 , 64 bit Build 22000 (10.0.22000.434)
OS uptime: 6 days 6:45 hours

CPU:total 8 (initial active 8) (4 cores per cpu, 2 threads per core) family 6 model 142 stepping 12 microcode 0xde, cmov, cx8, fxsr, mmx, sse, sse2, sse3, ssse3, sse4.1, sse4.2, popcnt, avx, avx2, aes, clmul, erms, 3dnowpref, lzcnt, ht, tsc, tscinvbit, bmi1, bmi2, adx, fma

Memory: 4k page, system-wide physical 3947M (819M free)
TotalPageFile size 16235M (AvailPageFile size 5M)
current process WorkingSet (physical memory assigned to process): 76M, peak: 154M
current process commit charge ("private bytes"): 272M, peak: 276M

vm_info: OpenJDK 64-Bit Server VM (11.0.11+9) for windows-amd64 JRE (11.0.11+9), built on Apr 20 2021 21:22:09 by "" with MS VC++ 15.9 (VS2017)

END.
